{"name": "test_less_value", "status": "failed", "statusDetails": {"message": "AssertionError: No modal window\nassert False\n +  where False = <bound method Page.is_displayed of <src.PageObjects.counters_page.Counters object at 0x051EE9B0>>('//*[@id=\"confirm-dialog\"]')\n +    where <bound method Page.is_displayed of <src.PageObjects.counters_page.Counters object at 0x051EE9B0>> = <src.PageObjects.counters_page.Counters object at 0x051EE9B0>.is_displayed\n +    and   '//*[@id=\"confirm-dialog\"]' = NewValue.CONFIRM_DIALOG", "trace": "counter_new_value_setup = None\ninspector_counter = <src.PageObjects.counters_page.Counters object at 0x051EE9B0>\n\n    def test_less_value(counter_new_value_setup, inspector_counter):\n        counter = inspector_counter\n        old_value = counter.get_old_value()\n        new_value = old_value - 5\n        counter.open_new_value_modal() \\\n            .set_new_value(new_value)\n        with allure.step(\"Confirm modal window shows\"):\n>           assert counter.is_displayed(NewValue.CONFIRM_DIALOG), \\\n                \"No modal window\"\nE           AssertionError: No modal window\nE           assert False\nE            +  where False = <bound method Page.is_displayed of <src.PageObjects.counters_page.Counters object at 0x051EE9B0>>('//*[@id=\"confirm-dialog\"]')\nE            +    where <bound method Page.is_displayed of <src.PageObjects.counters_page.Counters object at 0x051EE9B0>> = <src.PageObjects.counters_page.Counters object at 0x051EE9B0>.is_displayed\nE            +    and   '//*[@id=\"confirm-dialog\"]' = NewValue.CONFIRM_DIALOG\n\ntests\\test_inspector\\test_counter_value.py:44: AssertionError"}, "steps": [{"name": "Confirm modal window shows", "status": "failed", "statusDetails": {"message": "AssertionError: No modal window\nassert False\n +  where False = <bound method Page.is_displayed of <src.PageObjects.counters_page.Counters object at 0x051EE9B0>>('//*[@id=\"confirm-dialog\"]')\n +    where <bound method Page.is_displayed of <src.PageObjects.counters_page.Counters object at 0x051EE9B0>> = <src.PageObjects.counters_page.Counters object at 0x051EE9B0>.is_displayed\n +    and   '//*[@id=\"confirm-dialog\"]' = NewValue.CONFIRM_DIALOG\n", "trace": "  File \"C:\\курсова\\EasyPayTeamTwo\\tests\\test_inspector\\test_counter_value.py\", line 44, in test_less_value\n    assert counter.is_displayed(NewValue.CONFIRM_DIALOG), \\\n"}, "attachments": [{"name": "Element not found", "source": "6eb83c15-9c7e-414f-8731-27f11c0e2c52-attachment.png", "type": "image/png"}], "start": 1555702975086, "stop": 1555702978417}], "attachments": [{"name": "log", "source": "e3a4e632-c8f8-459f-bf1c-f411a0a3d23a-attachment.txt", "type": "text/plain"}, {"name": "stdout", "source": "7a64147f-16d5-4747-a721-c1da74282c9c-attachment.txt", "type": "text/plain"}, {"name": "stderr", "source": "5751f813-c522-4b1e-889d-61c29d7905fa-attachment.txt", "type": "text/plain"}], "start": 1555702974334, "stop": 1555702978418, "uuid": "81803a64-9bc7-4088-b9cb-ec8219fa703c", "historyId": "de56a09fa317775a736a08fafa98e65f", "fullName": "tests.test_inspector.test_counter_value#test_less_value", "labels": [{"name": "parentSuite", "value": "tests.test_inspector"}, {"name": "suite", "value": "test_counter_value"}, {"name": "host", "value": "DESKTOP-0OJCNQL"}, {"name": "thread", "value": "5036-MainThread"}, {"name": "framework", "value": "pytest"}, {"name": "language", "value": "cpython3"}, {"name": "package", "value": "tests.test_inspector.test_counter_value"}]}